<?xml version="1.0" encoding="UTF-8"?>
<testsuite xmlns:xsi="http://www.w3.org/2001/XMLSchema-instance" xsi:noNamespaceSchemaLocation="https://maven.apache.org/surefire/maven-surefire-plugin/xsd/surefire-test-report.xsd" version="3.0.2" name="com.demo.springboot_demo.SpringbootDemoApplicationTests" time="14.452" tests="1" errors="0" skipped="0" failures="0">
  <properties>
    <property name="java.specification.version" value="17"/>
    <property name="sun.cpu.isalist" value="amd64"/>
    <property name="sun.jnu.encoding" value="GBK"/>
    <property name="java.class.path" value="A:\Praxis Files\WebDev\springboot_demo\target\test-classes;A:\Praxis Files\WebDev\springboot_demo\target\classes;D:\Productivity Files\Maven\apache-maven-3.8.7\repository\org\springframework\boot\spring-boot-starter-web\3.4.7\spring-boot-starter-web-3.4.7.jar;D:\Productivity Files\Maven\apache-maven-3.8.7\repository\org\springframework\boot\spring-boot-starter\3.4.7\spring-boot-starter-3.4.7.jar;D:\Productivity Files\Maven\apache-maven-3.8.7\repository\org\springframework\boot\spring-boot\3.4.7\spring-boot-3.4.7.jar;D:\Productivity Files\Maven\apache-maven-3.8.7\repository\org\springframework\boot\spring-boot-autoconfigure\3.4.7\spring-boot-autoconfigure-3.4.7.jar;D:\Productivity Files\Maven\apache-maven-3.8.7\repository\org\springframework\boot\spring-boot-starter-logging\3.4.7\spring-boot-starter-logging-3.4.7.jar;D:\Productivity Files\Maven\apache-maven-3.8.7\repository\ch\qos\logback\logback-classic\1.5.18\logback-classic-1.5.18.jar;D:\Productivity Files\Maven\apache-maven-3.8.7\repository\ch\qos\logback\logback-core\1.5.18\logback-core-1.5.18.jar;D:\Productivity Files\Maven\apache-maven-3.8.7\repository\org\apache\logging\log4j\log4j-to-slf4j\2.24.3\log4j-to-slf4j-2.24.3.jar;D:\Productivity Files\Maven\apache-maven-3.8.7\repository\org\apache\logging\log4j\log4j-api\2.24.3\log4j-api-2.24.3.jar;D:\Productivity Files\Maven\apache-maven-3.8.7\repository\org\slf4j\jul-to-slf4j\2.0.17\jul-to-slf4j-2.0.17.jar;D:\Productivity Files\Maven\apache-maven-3.8.7\repository\jakarta\annotation\jakarta.annotation-api\2.1.1\jakarta.annotation-api-2.1.1.jar;D:\Productivity Files\Maven\apache-maven-3.8.7\repository\org\yaml\snakeyaml\2.3\snakeyaml-2.3.jar;D:\Productivity Files\Maven\apache-maven-3.8.7\repository\org\springframework\boot\spring-boot-starter-json\3.4.7\spring-boot-starter-json-3.4.7.jar;D:\Productivity Files\Maven\apache-maven-3.8.7\repository\com\fasterxml\jackson\datatype\jackson-datatype-jdk8\2.18.4\jackson-datatype-jdk8-2.18.4.jar;D:\Productivity Files\Maven\apache-maven-3.8.7\repository\com\fasterxml\jackson\module\jackson-module-parameter-names\2.18.4\jackson-module-parameter-names-2.18.4.jar;D:\Productivity Files\Maven\apache-maven-3.8.7\repository\org\springframework\boot\spring-boot-starter-tomcat\3.4.7\spring-boot-starter-tomcat-3.4.7.jar;D:\Productivity Files\Maven\apache-maven-3.8.7\repository\org\apache\tomcat\embed\tomcat-embed-core\10.1.42\tomcat-embed-core-10.1.42.jar;D:\Productivity Files\Maven\apache-maven-3.8.7\repository\org\apache\tomcat\embed\tomcat-embed-websocket\10.1.42\tomcat-embed-websocket-10.1.42.jar;D:\Productivity Files\Maven\apache-maven-3.8.7\repository\org\springframework\spring-web\6.2.8\spring-web-6.2.8.jar;D:\Productivity Files\Maven\apache-maven-3.8.7\repository\io\micrometer\micrometer-observation\1.14.8\micrometer-observation-1.14.8.jar;D:\Productivity Files\Maven\apache-maven-3.8.7\repository\io\micrometer\micrometer-commons\1.14.8\micrometer-commons-1.14.8.jar;D:\Productivity Files\Maven\apache-maven-3.8.7\repository\org\springframework\spring-webmvc\6.2.8\spring-webmvc-6.2.8.jar;D:\Productivity Files\Maven\apache-maven-3.8.7\repository\org\springframework\spring-aop\6.2.8\spring-aop-6.2.8.jar;D:\Productivity Files\Maven\apache-maven-3.8.7\repository\org\springframework\spring-context\6.2.8\spring-context-6.2.8.jar;D:\Productivity Files\Maven\apache-maven-3.8.7\repository\org\springframework\spring-expression\6.2.8\spring-expression-6.2.8.jar;D:\Productivity Files\Maven\apache-maven-3.8.7\repository\org\springframework\boot\spring-boot-starter-data-jpa\3.4.7\spring-boot-starter-data-jpa-3.4.7.jar;D:\Productivity Files\Maven\apache-maven-3.8.7\repository\org\springframework\boot\spring-boot-starter-jdbc\3.4.7\spring-boot-starter-jdbc-3.4.7.jar;D:\Productivity Files\Maven\apache-maven-3.8.7\repository\com\zaxxer\HikariCP\5.1.0\HikariCP-5.1.0.jar;D:\Productivity Files\Maven\apache-maven-3.8.7\repository\org\springframework\spring-jdbc\6.2.8\spring-jdbc-6.2.8.jar;D:\Productivity Files\Maven\apache-maven-3.8.7\repository\org\hibernate\orm\hibernate-core\6.6.18.Final\hibernate-core-6.6.18.Final.jar;D:\Productivity Files\Maven\apache-maven-3.8.7\repository\jakarta\persistence\jakarta.persistence-api\3.1.0\jakarta.persistence-api-3.1.0.jar;D:\Productivity Files\Maven\apache-maven-3.8.7\repository\jakarta\transaction\jakarta.transaction-api\2.0.1\jakarta.transaction-api-2.0.1.jar;D:\Productivity Files\Maven\apache-maven-3.8.7\repository\org\jboss\logging\jboss-logging\3.6.1.Final\jboss-logging-3.6.1.Final.jar;D:\Productivity Files\Maven\apache-maven-3.8.7\repository\org\hibernate\common\hibernate-commons-annotations\7.0.3.Final\hibernate-commons-annotations-7.0.3.Final.jar;D:\Productivity Files\Maven\apache-maven-3.8.7\repository\io\smallrye\jandex\3.2.0\jandex-3.2.0.jar;D:\Productivity Files\Maven\apache-maven-3.8.7\repository\com\fasterxml\classmate\1.7.0\classmate-1.7.0.jar;D:\Productivity Files\Maven\apache-maven-3.8.7\repository\net\bytebuddy\byte-buddy\1.15.11\byte-buddy-1.15.11.jar;D:\Productivity Files\Maven\apache-maven-3.8.7\repository\org\glassfish\jaxb\jaxb-runtime\4.0.5\jaxb-runtime-4.0.5.jar;D:\Productivity Files\Maven\apache-maven-3.8.7\repository\org\glassfish\jaxb\jaxb-core\4.0.5\jaxb-core-4.0.5.jar;D:\Productivity Files\Maven\apache-maven-3.8.7\repository\org\eclipse\angus\angus-activation\2.0.2\angus-activation-2.0.2.jar;D:\Productivity Files\Maven\apache-maven-3.8.7\repository\org\glassfish\jaxb\txw2\4.0.5\txw2-4.0.5.jar;D:\Productivity Files\Maven\apache-maven-3.8.7\repository\com\sun\istack\istack-commons-runtime\4.1.2\istack-commons-runtime-4.1.2.jar;D:\Productivity Files\Maven\apache-maven-3.8.7\repository\jakarta\inject\jakarta.inject-api\2.0.1\jakarta.inject-api-2.0.1.jar;D:\Productivity Files\Maven\apache-maven-3.8.7\repository\org\antlr\antlr4-runtime\4.13.0\antlr4-runtime-4.13.0.jar;D:\Productivity Files\Maven\apache-maven-3.8.7\repository\org\springframework\data\spring-data-jpa\3.4.7\spring-data-jpa-3.4.7.jar;D:\Productivity Files\Maven\apache-maven-3.8.7\repository\org\springframework\spring-orm\6.2.8\spring-orm-6.2.8.jar;D:\Productivity Files\Maven\apache-maven-3.8.7\repository\org\springframework\spring-tx\6.2.8\spring-tx-6.2.8.jar;D:\Productivity Files\Maven\apache-maven-3.8.7\repository\org\springframework\spring-aspects\6.2.8\spring-aspects-6.2.8.jar;D:\Productivity Files\Maven\apache-maven-3.8.7\repository\org\aspectj\aspectjweaver\1.9.24\aspectjweaver-1.9.24.jar;D:\Productivity Files\Maven\apache-maven-3.8.7\repository\com\mysql\mysql-connector-j\9.1.0\mysql-connector-j-9.1.0.jar;D:\Productivity Files\Maven\apache-maven-3.8.7\repository\org\springframework\boot\spring-boot-starter-validation\3.4.7\spring-boot-starter-validation-3.4.7.jar;D:\Productivity Files\Maven\apache-maven-3.8.7\repository\org\apache\tomcat\embed\tomcat-embed-el\10.1.42\tomcat-embed-el-10.1.42.jar;D:\Productivity Files\Maven\apache-maven-3.8.7\repository\org\hibernate\validator\hibernate-validator\8.0.2.Final\hibernate-validator-8.0.2.Final.jar;D:\Productivity Files\Maven\apache-maven-3.8.7\repository\jakarta\validation\jakarta.validation-api\3.0.2\jakarta.validation-api-3.0.2.jar;D:\Productivity Files\Maven\apache-maven-3.8.7\repository\org\projectlombok\lombok\1.18.38\lombok-1.18.38.jar;D:\Productivity Files\Maven\apache-maven-3.8.7\repository\com\fasterxml\jackson\datatype\jackson-datatype-jsr310\2.18.4\jackson-datatype-jsr310-2.18.4.jar;D:\Productivity Files\Maven\apache-maven-3.8.7\repository\com\fasterxml\jackson\core\jackson-annotations\2.18.4\jackson-annotations-2.18.4.jar;D:\Productivity Files\Maven\apache-maven-3.8.7\repository\com\fasterxml\jackson\core\jackson-core\2.18.4.1\jackson-core-2.18.4.1.jar;D:\Productivity Files\Maven\apache-maven-3.8.7\repository\com\fasterxml\jackson\core\jackson-databind\2.18.4\jackson-databind-2.18.4.jar;D:\Productivity Files\Maven\apache-maven-3.8.7\repository\org\springframework\data\spring-data-commons\3.4.7\spring-data-commons-3.4.7.jar;D:\Productivity Files\Maven\apache-maven-3.8.7\repository\org\springframework\spring-core\6.2.8\spring-core-6.2.8.jar;D:\Productivity Files\Maven\apache-maven-3.8.7\repository\org\springframework\spring-jcl\6.2.8\spring-jcl-6.2.8.jar;D:\Productivity Files\Maven\apache-maven-3.8.7\repository\org\springframework\spring-beans\6.2.8\spring-beans-6.2.8.jar;D:\Productivity Files\Maven\apache-maven-3.8.7\repository\org\slf4j\slf4j-api\2.0.17\slf4j-api-2.0.17.jar;D:\Productivity Files\Maven\apache-maven-3.8.7\repository\org\springframework\boot\spring-boot-starter-test\3.4.7\spring-boot-starter-test-3.4.7.jar;D:\Productivity Files\Maven\apache-maven-3.8.7\repository\org\springframework\boot\spring-boot-test\3.4.7\spring-boot-test-3.4.7.jar;D:\Productivity Files\Maven\apache-maven-3.8.7\repository\org\springframework\boot\spring-boot-test-autoconfigure\3.4.7\spring-boot-test-autoconfigure-3.4.7.jar;D:\Productivity Files\Maven\apache-maven-3.8.7\repository\com\jayway\jsonpath\json-path\2.9.0\json-path-2.9.0.jar;D:\Productivity Files\Maven\apache-maven-3.8.7\repository\jakarta\xml\bind\jakarta.xml.bind-api\4.0.2\jakarta.xml.bind-api-4.0.2.jar;D:\Productivity Files\Maven\apache-maven-3.8.7\repository\jakarta\activation\jakarta.activation-api\2.1.3\jakarta.activation-api-2.1.3.jar;D:\Productivity Files\Maven\apache-maven-3.8.7\repository\net\minidev\json-smart\2.5.2\json-smart-2.5.2.jar;D:\Productivity Files\Maven\apache-maven-3.8.7\repository\net\minidev\accessors-smart\2.5.2\accessors-smart-2.5.2.jar;D:\Productivity Files\Maven\apache-maven-3.8.7\repository\org\ow2\asm\asm\9.7.1\asm-9.7.1.jar;D:\Productivity Files\Maven\apache-maven-3.8.7\repository\org\assertj\assertj-core\3.26.3\assertj-core-3.26.3.jar;D:\Productivity Files\Maven\apache-maven-3.8.7\repository\org\awaitility\awaitility\4.2.2\awaitility-4.2.2.jar;D:\Productivity Files\Maven\apache-maven-3.8.7\repository\org\hamcrest\hamcrest\2.2\hamcrest-2.2.jar;D:\Productivity Files\Maven\apache-maven-3.8.7\repository\org\junit\jupiter\junit-jupiter\5.11.4\junit-jupiter-5.11.4.jar;D:\Productivity Files\Maven\apache-maven-3.8.7\repository\org\junit\jupiter\junit-jupiter-api\5.11.4\junit-jupiter-api-5.11.4.jar;D:\Productivity Files\Maven\apache-maven-3.8.7\repository\org\opentest4j\opentest4j\1.3.0\opentest4j-1.3.0.jar;D:\Productivity Files\Maven\apache-maven-3.8.7\repository\org\junit\platform\junit-platform-commons\1.11.4\junit-platform-commons-1.11.4.jar;D:\Productivity Files\Maven\apache-maven-3.8.7\repository\org\apiguardian\apiguardian-api\1.1.2\apiguardian-api-1.1.2.jar;D:\Productivity Files\Maven\apache-maven-3.8.7\repository\org\junit\jupiter\junit-jupiter-params\5.11.4\junit-jupiter-params-5.11.4.jar;D:\Productivity Files\Maven\apache-maven-3.8.7\repository\org\junit\jupiter\junit-jupiter-engine\5.11.4\junit-jupiter-engine-5.11.4.jar;D:\Productivity Files\Maven\apache-maven-3.8.7\repository\org\junit\platform\junit-platform-engine\1.11.4\junit-platform-engine-1.11.4.jar;D:\Productivity Files\Maven\apache-maven-3.8.7\repository\org\mockito\mockito-core\5.14.2\mockito-core-5.14.2.jar;D:\Productivity Files\Maven\apache-maven-3.8.7\repository\net\bytebuddy\byte-buddy-agent\1.15.11\byte-buddy-agent-1.15.11.jar;D:\Productivity Files\Maven\apache-maven-3.8.7\repository\org\objenesis\objenesis\3.3\objenesis-3.3.jar;D:\Productivity Files\Maven\apache-maven-3.8.7\repository\org\mockito\mockito-junit-jupiter\5.14.2\mockito-junit-jupiter-5.14.2.jar;D:\Productivity Files\Maven\apache-maven-3.8.7\repository\org\skyscreamer\jsonassert\1.5.3\jsonassert-1.5.3.jar;D:\Productivity Files\Maven\apache-maven-3.8.7\repository\com\vaadin\external\google\android-json\0.0.20131108.vaadin1\android-json-0.0.20131108.vaadin1.jar;D:\Productivity Files\Maven\apache-maven-3.8.7\repository\org\springframework\spring-test\6.2.8\spring-test-6.2.8.jar;D:\Productivity Files\Maven\apache-maven-3.8.7\repository\org\xmlunit\xmlunit-core\2.10.2\xmlunit-core-2.10.2.jar;"/>
    <property name="java.vm.vendor" value="Oracle Corporation"/>
    <property name="sun.arch.data.model" value="64"/>
    <property name="user.variant" value=""/>
    <property name="java.vendor.url" value="https://java.oracle.com/"/>
    <property name="user.timezone" value="Asia/Shanghai"/>
    <property name="org.jboss.logging.provider" value="slf4j"/>
    <property name="os.name" value="Windows 11"/>
    <property name="java.vm.specification.version" value="17"/>
    <property name="APPLICATION_NAME" value="springboot_demo"/>
    <property name="sun.java.launcher" value="SUN_STANDARD"/>
    <property name="user.country" value="CN"/>
    <property name="sun.boot.library.path" value="C:\Program Files\Java\jdk-17\bin"/>
    <property name="sun.java.command" value="C:\Users\StonWat\AppData\Local\Temp\surefire12463713528635902915\surefirebooter-20250717154730274_3.jar C:\Users\StonWat\AppData\Local\Temp\surefire12463713528635902915 2025-07-17T15-47-30_078-jvmRun1 surefire-20250717154730274_1tmp surefire_0-20250717154730274_2tmp"/>
    <property name="jdk.debug" value="release"/>
    <property name="surefire.test.class.path" value="A:\Praxis Files\WebDev\springboot_demo\target\test-classes;A:\Praxis Files\WebDev\springboot_demo\target\classes;D:\Productivity Files\Maven\apache-maven-3.8.7\repository\org\springframework\boot\spring-boot-starter-web\3.4.7\spring-boot-starter-web-3.4.7.jar;D:\Productivity Files\Maven\apache-maven-3.8.7\repository\org\springframework\boot\spring-boot-starter\3.4.7\spring-boot-starter-3.4.7.jar;D:\Productivity Files\Maven\apache-maven-3.8.7\repository\org\springframework\boot\spring-boot\3.4.7\spring-boot-3.4.7.jar;D:\Productivity Files\Maven\apache-maven-3.8.7\repository\org\springframework\boot\spring-boot-autoconfigure\3.4.7\spring-boot-autoconfigure-3.4.7.jar;D:\Productivity Files\Maven\apache-maven-3.8.7\repository\org\springframework\boot\spring-boot-starter-logging\3.4.7\spring-boot-starter-logging-3.4.7.jar;D:\Productivity Files\Maven\apache-maven-3.8.7\repository\ch\qos\logback\logback-classic\1.5.18\logback-classic-1.5.18.jar;D:\Productivity Files\Maven\apache-maven-3.8.7\repository\ch\qos\logback\logback-core\1.5.18\logback-core-1.5.18.jar;D:\Productivity Files\Maven\apache-maven-3.8.7\repository\org\apache\logging\log4j\log4j-to-slf4j\2.24.3\log4j-to-slf4j-2.24.3.jar;D:\Productivity Files\Maven\apache-maven-3.8.7\repository\org\apache\logging\log4j\log4j-api\2.24.3\log4j-api-2.24.3.jar;D:\Productivity Files\Maven\apache-maven-3.8.7\repository\org\slf4j\jul-to-slf4j\2.0.17\jul-to-slf4j-2.0.17.jar;D:\Productivity Files\Maven\apache-maven-3.8.7\repository\jakarta\annotation\jakarta.annotation-api\2.1.1\jakarta.annotation-api-2.1.1.jar;D:\Productivity Files\Maven\apache-maven-3.8.7\repository\org\yaml\snakeyaml\2.3\snakeyaml-2.3.jar;D:\Productivity Files\Maven\apache-maven-3.8.7\repository\org\springframework\boot\spring-boot-starter-json\3.4.7\spring-boot-starter-json-3.4.7.jar;D:\Productivity Files\Maven\apache-maven-3.8.7\repository\com\fasterxml\jackson\datatype\jackson-datatype-jdk8\2.18.4\jackson-datatype-jdk8-2.18.4.jar;D:\Productivity Files\Maven\apache-maven-3.8.7\repository\com\fasterxml\jackson\module\jackson-module-parameter-names\2.18.4\jackson-module-parameter-names-2.18.4.jar;D:\Productivity Files\Maven\apache-maven-3.8.7\repository\org\springframework\boot\spring-boot-starter-tomcat\3.4.7\spring-boot-starter-tomcat-3.4.7.jar;D:\Productivity Files\Maven\apache-maven-3.8.7\repository\org\apache\tomcat\embed\tomcat-embed-core\10.1.42\tomcat-embed-core-10.1.42.jar;D:\Productivity Files\Maven\apache-maven-3.8.7\repository\org\apache\tomcat\embed\tomcat-embed-websocket\10.1.42\tomcat-embed-websocket-10.1.42.jar;D:\Productivity Files\Maven\apache-maven-3.8.7\repository\org\springframework\spring-web\6.2.8\spring-web-6.2.8.jar;D:\Productivity Files\Maven\apache-maven-3.8.7\repository\io\micrometer\micrometer-observation\1.14.8\micrometer-observation-1.14.8.jar;D:\Productivity Files\Maven\apache-maven-3.8.7\repository\io\micrometer\micrometer-commons\1.14.8\micrometer-commons-1.14.8.jar;D:\Productivity Files\Maven\apache-maven-3.8.7\repository\org\springframework\spring-webmvc\6.2.8\spring-webmvc-6.2.8.jar;D:\Productivity Files\Maven\apache-maven-3.8.7\repository\org\springframework\spring-aop\6.2.8\spring-aop-6.2.8.jar;D:\Productivity Files\Maven\apache-maven-3.8.7\repository\org\springframework\spring-context\6.2.8\spring-context-6.2.8.jar;D:\Productivity Files\Maven\apache-maven-3.8.7\repository\org\springframework\spring-expression\6.2.8\spring-expression-6.2.8.jar;D:\Productivity Files\Maven\apache-maven-3.8.7\repository\org\springframework\boot\spring-boot-starter-data-jpa\3.4.7\spring-boot-starter-data-jpa-3.4.7.jar;D:\Productivity Files\Maven\apache-maven-3.8.7\repository\org\springframework\boot\spring-boot-starter-jdbc\3.4.7\spring-boot-starter-jdbc-3.4.7.jar;D:\Productivity Files\Maven\apache-maven-3.8.7\repository\com\zaxxer\HikariCP\5.1.0\HikariCP-5.1.0.jar;D:\Productivity Files\Maven\apache-maven-3.8.7\repository\org\springframework\spring-jdbc\6.2.8\spring-jdbc-6.2.8.jar;D:\Productivity Files\Maven\apache-maven-3.8.7\repository\org\hibernate\orm\hibernate-core\6.6.18.Final\hibernate-core-6.6.18.Final.jar;D:\Productivity Files\Maven\apache-maven-3.8.7\repository\jakarta\persistence\jakarta.persistence-api\3.1.0\jakarta.persistence-api-3.1.0.jar;D:\Productivity Files\Maven\apache-maven-3.8.7\repository\jakarta\transaction\jakarta.transaction-api\2.0.1\jakarta.transaction-api-2.0.1.jar;D:\Productivity Files\Maven\apache-maven-3.8.7\repository\org\jboss\logging\jboss-logging\3.6.1.Final\jboss-logging-3.6.1.Final.jar;D:\Productivity Files\Maven\apache-maven-3.8.7\repository\org\hibernate\common\hibernate-commons-annotations\7.0.3.Final\hibernate-commons-annotations-7.0.3.Final.jar;D:\Productivity Files\Maven\apache-maven-3.8.7\repository\io\smallrye\jandex\3.2.0\jandex-3.2.0.jar;D:\Productivity Files\Maven\apache-maven-3.8.7\repository\com\fasterxml\classmate\1.7.0\classmate-1.7.0.jar;D:\Productivity Files\Maven\apache-maven-3.8.7\repository\net\bytebuddy\byte-buddy\1.15.11\byte-buddy-1.15.11.jar;D:\Productivity Files\Maven\apache-maven-3.8.7\repository\org\glassfish\jaxb\jaxb-runtime\4.0.5\jaxb-runtime-4.0.5.jar;D:\Productivity Files\Maven\apache-maven-3.8.7\repository\org\glassfish\jaxb\jaxb-core\4.0.5\jaxb-core-4.0.5.jar;D:\Productivity Files\Maven\apache-maven-3.8.7\repository\org\eclipse\angus\angus-activation\2.0.2\angus-activation-2.0.2.jar;D:\Productivity Files\Maven\apache-maven-3.8.7\repository\org\glassfish\jaxb\txw2\4.0.5\txw2-4.0.5.jar;D:\Productivity Files\Maven\apache-maven-3.8.7\repository\com\sun\istack\istack-commons-runtime\4.1.2\istack-commons-runtime-4.1.2.jar;D:\Productivity Files\Maven\apache-maven-3.8.7\repository\jakarta\inject\jakarta.inject-api\2.0.1\jakarta.inject-api-2.0.1.jar;D:\Productivity Files\Maven\apache-maven-3.8.7\repository\org\antlr\antlr4-runtime\4.13.0\antlr4-runtime-4.13.0.jar;D:\Productivity Files\Maven\apache-maven-3.8.7\repository\org\springframework\data\spring-data-jpa\3.4.7\spring-data-jpa-3.4.7.jar;D:\Productivity Files\Maven\apache-maven-3.8.7\repository\org\springframework\spring-orm\6.2.8\spring-orm-6.2.8.jar;D:\Productivity Files\Maven\apache-maven-3.8.7\repository\org\springframework\spring-tx\6.2.8\spring-tx-6.2.8.jar;D:\Productivity Files\Maven\apache-maven-3.8.7\repository\org\springframework\spring-aspects\6.2.8\spring-aspects-6.2.8.jar;D:\Productivity Files\Maven\apache-maven-3.8.7\repository\org\aspectj\aspectjweaver\1.9.24\aspectjweaver-1.9.24.jar;D:\Productivity Files\Maven\apache-maven-3.8.7\repository\com\mysql\mysql-connector-j\9.1.0\mysql-connector-j-9.1.0.jar;D:\Productivity Files\Maven\apache-maven-3.8.7\repository\org\springframework\boot\spring-boot-starter-validation\3.4.7\spring-boot-starter-validation-3.4.7.jar;D:\Productivity Files\Maven\apache-maven-3.8.7\repository\org\apache\tomcat\embed\tomcat-embed-el\10.1.42\tomcat-embed-el-10.1.42.jar;D:\Productivity Files\Maven\apache-maven-3.8.7\repository\org\hibernate\validator\hibernate-validator\8.0.2.Final\hibernate-validator-8.0.2.Final.jar;D:\Productivity Files\Maven\apache-maven-3.8.7\repository\jakarta\validation\jakarta.validation-api\3.0.2\jakarta.validation-api-3.0.2.jar;D:\Productivity Files\Maven\apache-maven-3.8.7\repository\org\projectlombok\lombok\1.18.38\lombok-1.18.38.jar;D:\Productivity Files\Maven\apache-maven-3.8.7\repository\com\fasterxml\jackson\datatype\jackson-datatype-jsr310\2.18.4\jackson-datatype-jsr310-2.18.4.jar;D:\Productivity Files\Maven\apache-maven-3.8.7\repository\com\fasterxml\jackson\core\jackson-annotations\2.18.4\jackson-annotations-2.18.4.jar;D:\Productivity Files\Maven\apache-maven-3.8.7\repository\com\fasterxml\jackson\core\jackson-core\2.18.4.1\jackson-core-2.18.4.1.jar;D:\Productivity Files\Maven\apache-maven-3.8.7\repository\com\fasterxml\jackson\core\jackson-databind\2.18.4\jackson-databind-2.18.4.jar;D:\Productivity Files\Maven\apache-maven-3.8.7\repository\org\springframework\data\spring-data-commons\3.4.7\spring-data-commons-3.4.7.jar;D:\Productivity Files\Maven\apache-maven-3.8.7\repository\org\springframework\spring-core\6.2.8\spring-core-6.2.8.jar;D:\Productivity Files\Maven\apache-maven-3.8.7\repository\org\springframework\spring-jcl\6.2.8\spring-jcl-6.2.8.jar;D:\Productivity Files\Maven\apache-maven-3.8.7\repository\org\springframework\spring-beans\6.2.8\spring-beans-6.2.8.jar;D:\Productivity Files\Maven\apache-maven-3.8.7\repository\org\slf4j\slf4j-api\2.0.17\slf4j-api-2.0.17.jar;D:\Productivity Files\Maven\apache-maven-3.8.7\repository\org\springframework\boot\spring-boot-starter-test\3.4.7\spring-boot-starter-test-3.4.7.jar;D:\Productivity Files\Maven\apache-maven-3.8.7\repository\org\springframework\boot\spring-boot-test\3.4.7\spring-boot-test-3.4.7.jar;D:\Productivity Files\Maven\apache-maven-3.8.7\repository\org\springframework\boot\spring-boot-test-autoconfigure\3.4.7\spring-boot-test-autoconfigure-3.4.7.jar;D:\Productivity Files\Maven\apache-maven-3.8.7\repository\com\jayway\jsonpath\json-path\2.9.0\json-path-2.9.0.jar;D:\Productivity Files\Maven\apache-maven-3.8.7\repository\jakarta\xml\bind\jakarta.xml.bind-api\4.0.2\jakarta.xml.bind-api-4.0.2.jar;D:\Productivity Files\Maven\apache-maven-3.8.7\repository\jakarta\activation\jakarta.activation-api\2.1.3\jakarta.activation-api-2.1.3.jar;D:\Productivity Files\Maven\apache-maven-3.8.7\repository\net\minidev\json-smart\2.5.2\json-smart-2.5.2.jar;D:\Productivity Files\Maven\apache-maven-3.8.7\repository\net\minidev\accessors-smart\2.5.2\accessors-smart-2.5.2.jar;D:\Productivity Files\Maven\apache-maven-3.8.7\repository\org\ow2\asm\asm\9.7.1\asm-9.7.1.jar;D:\Productivity Files\Maven\apache-maven-3.8.7\repository\org\assertj\assertj-core\3.26.3\assertj-core-3.26.3.jar;D:\Productivity Files\Maven\apache-maven-3.8.7\repository\org\awaitility\awaitility\4.2.2\awaitility-4.2.2.jar;D:\Productivity Files\Maven\apache-maven-3.8.7\repository\org\hamcrest\hamcrest\2.2\hamcrest-2.2.jar;D:\Productivity Files\Maven\apache-maven-3.8.7\repository\org\junit\jupiter\junit-jupiter\5.11.4\junit-jupiter-5.11.4.jar;D:\Productivity Files\Maven\apache-maven-3.8.7\repository\org\junit\jupiter\junit-jupiter-api\5.11.4\junit-jupiter-api-5.11.4.jar;D:\Productivity Files\Maven\apache-maven-3.8.7\repository\org\opentest4j\opentest4j\1.3.0\opentest4j-1.3.0.jar;D:\Productivity Files\Maven\apache-maven-3.8.7\repository\org\junit\platform\junit-platform-commons\1.11.4\junit-platform-commons-1.11.4.jar;D:\Productivity Files\Maven\apache-maven-3.8.7\repository\org\apiguardian\apiguardian-api\1.1.2\apiguardian-api-1.1.2.jar;D:\Productivity Files\Maven\apache-maven-3.8.7\repository\org\junit\jupiter\junit-jupiter-params\5.11.4\junit-jupiter-params-5.11.4.jar;D:\Productivity Files\Maven\apache-maven-3.8.7\repository\org\junit\jupiter\junit-jupiter-engine\5.11.4\junit-jupiter-engine-5.11.4.jar;D:\Productivity Files\Maven\apache-maven-3.8.7\repository\org\junit\platform\junit-platform-engine\1.11.4\junit-platform-engine-1.11.4.jar;D:\Productivity Files\Maven\apache-maven-3.8.7\repository\org\mockito\mockito-core\5.14.2\mockito-core-5.14.2.jar;D:\Productivity Files\Maven\apache-maven-3.8.7\repository\net\bytebuddy\byte-buddy-agent\1.15.11\byte-buddy-agent-1.15.11.jar;D:\Productivity Files\Maven\apache-maven-3.8.7\repository\org\objenesis\objenesis\3.3\objenesis-3.3.jar;D:\Productivity Files\Maven\apache-maven-3.8.7\repository\org\mockito\mockito-junit-jupiter\5.14.2\mockito-junit-jupiter-5.14.2.jar;D:\Productivity Files\Maven\apache-maven-3.8.7\repository\org\skyscreamer\jsonassert\1.5.3\jsonassert-1.5.3.jar;D:\Productivity Files\Maven\apache-maven-3.8.7\repository\com\vaadin\external\google\android-json\0.0.20131108.vaadin1\android-json-0.0.20131108.vaadin1.jar;D:\Productivity Files\Maven\apache-maven-3.8.7\repository\org\springframework\spring-test\6.2.8\spring-test-6.2.8.jar;D:\Productivity Files\Maven\apache-maven-3.8.7\repository\org\xmlunit\xmlunit-core\2.10.2\xmlunit-core-2.10.2.jar;"/>
    <property name="sun.cpu.endian" value="little"/>
    <property name="user.home" value="C:\Users\StonWat"/>
    <property name="user.language" value="zh"/>
    <property name="java.specification.vendor" value="Oracle Corporation"/>
    <property name="java.version.date" value="2024-10-15"/>
    <property name="java.home" value="C:\Program Files\Java\jdk-17"/>
    <property name="file.separator" value="\"/>
    <property name="basedir" value="A:\Praxis Files\WebDev\springboot_demo"/>
    <property name="java.vm.compressedOopsMode" value="Zero based"/>
    <property name="line.separator" value="&#10;"/>
    <property name="java.vm.specification.vendor" value="Oracle Corporation"/>
    <property name="java.specification.name" value="Java Platform API Specification"/>
    <property name="FILE_LOG_CHARSET" value="GBK"/>
    <property name="java.awt.headless" value="true"/>
    <property name="surefire.real.class.path" value="C:\Users\StonWat\AppData\Local\Temp\surefire12463713528635902915\surefirebooter-20250717154730274_3.jar"/>
    <property name="user.script" value=""/>
    <property name="sun.management.compiler" value="HotSpot 64-Bit Tiered Compilers"/>
    <property name="java.runtime.version" value="17.0.13+10-LTS-268"/>
    <property name="user.name" value="StonWat"/>
    <property name="path.separator" value=";"/>
    <property name="os.version" value="10.0"/>
    <property name="java.runtime.name" value="Java(TM) SE Runtime Environment"/>
    <property name="file.encoding" value="GBK"/>
    <property name="java.vm.name" value="Java HotSpot(TM) 64-Bit Server VM"/>
    <property name="localRepository" value="D:\Productivity Files\Maven\apache-maven-3.8.7\repository"/>
    <property name="java.vendor.url.bug" value="https://bugreport.java.com/bugreport/"/>
    <property name="java.io.tmpdir" value="C:\Users\StonWat\AppData\Local\Temp\"/>
    <property name="idea.version" value="2024.1.7"/>
    <property name="com.zaxxer.hikari.pool_number" value="1"/>
    <property name="java.version" value="17.0.13"/>
    <property name="user.dir" value="A:\Praxis Files\WebDev\springboot_demo"/>
    <property name="os.arch" value="amd64"/>
    <property name="java.vm.specification.name" value="Java Virtual Machine Specification"/>
    <property name="PID" value="44528"/>
    <property name="sun.os.patch.level" value=""/>
    <property name="CONSOLE_LOG_CHARSET" value="GBK"/>
    <property name="native.encoding" value="GBK"/>
    <property name="java.library.path" value="C:\Program Files\Java\jdk-17\bin;C:\WINDOWS\Sun\Java\bin;C:\WINDOWS\system32;C:\WINDOWS;C:\Program Files\Docker\Docker\resources\bin;C:\Program Files\dotnet\;C:\Program Files\Git\cmd;C:\Program Files\MySQL\MySQL Server 8.0\bin;C:\Program Files\NVIDIA Corporation\Nsight Compute 2023.1.1\;C:\Program Files\NVIDIA GPU Computing Toolkit\CUDA\v12.1\bin;C:\Program Files\NVIDIA GPU Computing Toolkit\CUDA\v12.1\libnvvp;C:\Program Files\NVIDIA Corporation\NVIDIA app\NvDLISR;C:\Program Files\TortoiseSVN\bin;C:\Program Files\Java\jdk-17\bin;C:\Program Files\Java\jdk-17\jre\bin;C:\Program Files\Maven\apache-maven-3.5.0\bin;C:\Program Files\Nvm;C:\Program Files\Nodejs;C:\Program Files (x86)\NVIDIA Corporation\PhysX\Common;C:\Program Files (x86)\VMware\VMware Workstation\bin\;C:\Program Files (x86)\NetSarang\Xshell 8\;C:\Program Files (x86)\NetSarang\Xftp 8\;C:\Windows;C:\Windows\system32;C:\Windows\System32\Wbem;C:\Windows\System32\OpenSSH\;C:\Windows\System32\WindowsPowerShell\v1.0\;C:\WINDOWS;C:\WINDOWS\system32;C:\WINDOWS\System32\Wbem;C:\WINDOWS\System32\WindowsPowerShell\v1.0\;C:\WINDOWS\System32\OpenSSH\;C:\Program Files (x86)\Common Files\Intel\Shared Libraries\redist\intel64\compiler;;C:\Program Files\WechatDevtools;C:\Program Files\Bandizip\;C:\Program Files\MySQL\MySQL Shell 8.0\bin\;C:\ProgramData\Anaconda3;C:\ProgramData\Anaconda3\Scripts;C:\ProgramData\Anaconda3\Library\bin;C:\Users\StonWat\AppData\Local\GitHubDesktop\bin;C:\Users\StonWat\AppData\Local\Programs\Ollama;C:\Users\StonWat\AppData\Local\Programs\Python\Python311\;C:\Users\StonWat\AppData\Local\Programs\Python\Python311\Scripts\;C:\Users\StonWat\AppData\Local\Programs\Microsoft VS Code\bin;C:\Program Files\JetBrains\CLion 2024.1.6\bin;C:\Program Files\JetBrains\PyCharm 2024.1.7\bin;C:\Program Files\JetBrains\WebStorm 2024.1.7\bin;C:\Program Files\JetBrains\IntelliJ IDEA 2024.1.7\bin;C:\Users\StonWat\AppData\Local\Microsoft\WindowsApps;C:\Program Files\JetBrains\IntelliJ IDEA Community Edition 2024.3.1.1\bin;C:\Program Files\JetBrains\DataGrip 2024.1.5\bin;."/>
    <property name="java.vm.info" value="mixed mode, sharing"/>
    <property name="java.vendor" value="Oracle Corporation"/>
    <property name="java.vm.version" value="17.0.13+10-LTS-268"/>
    <property name="java.specification.maintenance.version" value="1"/>
    <property name="sun.io.unicode.encoding" value="UnicodeLittle"/>
    <property name="java.class.version" value="61.0"/>
    <property name="LOGGED_APPLICATION_NAME" value="[springboot_demo] "/>
  </properties>
  <testcase name="contextLoads" classname="com.demo.springboot_demo.SpringbootDemoApplicationTests" time="0.752">
    <system-out><![CDATA[15:47:31.413 [main] INFO org.springframework.test.context.support.AnnotationConfigContextLoaderUtils -- Could not detect default configuration classes for test class [com.demo.springboot_demo.SpringbootDemoApplicationTests]: SpringbootDemoApplicationTests does not declare any static, non-private, non-final, nested classes annotated with @Configuration.
15:47:31.529 [main] INFO org.springframework.boot.test.context.SpringBootTestContextBootstrapper -- Found @SpringBootConfiguration com.demo.springboot_demo.SpringbootDemoApplication for test class com.demo.springboot_demo.SpringbootDemoApplicationTests

  .   ____          _            __ _ _
 /\\ / ___'_ __ _ _(_)_ __  __ _ \ \ \ \
( ( )\___ | '_ | '_| | '_ \/ _` | \ \ \ \
 \\/  ___)| |_)| | | | | || (_| |  ) ) ) )
  '  |____| .__|_| |_|_| |_\__, | / / / /
 =========|_|==============|___/=/_/_/_/

 :: Spring Boot ::                (v3.4.7)

2025-07-17T15:47:32.002+08:00  INFO 44528 --- [springboot_demo] [           main] c.d.s.SpringbootDemoApplicationTests     : Starting SpringbootDemoApplicationTests using Java 17.0.13 with PID 44528 (started by StonWat in A:\Praxis Files\WebDev\springboot_demo)
2025-07-17T15:47:32.003+08:00  INFO 44528 --- [springboot_demo] [           main] c.d.s.SpringbootDemoApplicationTests     : No active profile set, falling back to 1 default profile: "default"
2025-07-17T15:47:32.648+08:00  INFO 44528 --- [springboot_demo] [           main] .s.d.r.c.RepositoryConfigurationDelegate : Bootstrapping Spring Data JPA repositories in DEFAULT mode.
2025-07-17T15:47:32.783+08:00  INFO 44528 --- [springboot_demo] [           main] .s.d.r.c.RepositoryConfigurationDelegate : Finished Spring Data repository scanning in 93 ms. Found 2 JPA repository interfaces.
2025-07-17T15:47:33.756+08:00  INFO 44528 --- [springboot_demo] [           main] o.hibernate.jpa.internal.util.LogHelper  : HHH000204: Processing PersistenceUnitInfo [name: default]
2025-07-17T15:47:33.837+08:00  INFO 44528 --- [springboot_demo] [           main] org.hibernate.Version                    : HHH000412: Hibernate ORM core version 6.6.18.Final
2025-07-17T15:47:33.888+08:00  INFO 44528 --- [springboot_demo] [           main] o.h.c.internal.RegionFactoryInitiator    : HHH000026: Second-level cache disabled
2025-07-17T15:47:34.398+08:00  INFO 44528 --- [springboot_demo] [           main] o.s.o.j.p.SpringPersistenceUnitInfo      : No LoadTimeWeaver setup: ignoring JPA class transformer
2025-07-17T15:47:34.424+08:00  INFO 44528 --- [springboot_demo] [           main] com.zaxxer.hikari.HikariDataSource       : HikariPool-1 - Starting...
2025-07-17T15:47:40.729+08:00  INFO 44528 --- [springboot_demo] [           main] com.zaxxer.hikari.pool.HikariPool        : HikariPool-1 - Added connection com.mysql.cj.jdbc.ConnectionImpl@f10d055
2025-07-17T15:47:40.732+08:00  INFO 44528 --- [springboot_demo] [           main] com.zaxxer.hikari.HikariDataSource       : HikariPool-1 - Start completed.
2025-07-17T15:47:40.824+08:00  WARN 44528 --- [springboot_demo] [           main] org.hibernate.orm.deprecation            : HHH90000025: MySQL8Dialect does not need to be specified explicitly using 'hibernate.dialect' (remove the property setting and it will be selected by default)
2025-07-17T15:47:40.825+08:00  WARN 44528 --- [springboot_demo] [           main] org.hibernate.orm.deprecation            : HHH90000026: MySQL8Dialect has been deprecated; use org.hibernate.dialect.MySQLDialect instead
2025-07-17T15:47:40.846+08:00  INFO 44528 --- [springboot_demo] [           main] org.hibernate.orm.connections.pooling    : HHH10001005: Database info:
	Database JDBC URL [Connecting through datasource 'HikariDataSource (HikariPool-1)']
	Database driver: undefined/unknown
	Database version: 8.0
	Autocommit mode: undefined/unknown
	Isolation level: undefined/unknown
	Minimum pool size: undefined/unknown
	Maximum pool size: undefined/unknown
2025-07-17T15:47:41.835+08:00  INFO 44528 --- [springboot_demo] [           main] o.h.e.t.j.p.i.JtaPlatformInitiator       : HHH000489: No JTA platform available (set 'hibernate.transaction.jta.platform' to enable JTA platform integration)
Hibernate: 
    alter table project_purchase 
       modify column matter varchar(255)
2025-07-17T15:47:42.229+08:00  WARN 44528 --- [springboot_demo] [           main] o.h.t.s.i.ExceptionHandlerLoggedImpl     : GenerationTarget encountered exception accepting command : Error executing DDL "
    alter table project_purchase 
       modify column matter varchar(255)" via JDBC [Data truncated for column 'matter' at row 34]

org.hibernate.tool.schema.spi.CommandAcceptanceException: Error executing DDL "
    alter table project_purchase 
       modify column matter varchar(255)" via JDBC [Data truncated for column 'matter' at row 34]
	at org.hibernate.tool.schema.internal.exec.GenerationTargetToDatabase.accept(GenerationTargetToDatabase.java:94) ~[hibernate-core-6.6.18.Final.jar:6.6.18.Final]
	at org.hibernate.tool.schema.internal.AbstractSchemaMigrator.applySqlString(AbstractSchemaMigrator.java:576) ~[hibernate-core-6.6.18.Final.jar:6.6.18.Final]
	at org.hibernate.tool.schema.internal.AbstractSchemaMigrator.applySqlStrings(AbstractSchemaMigrator.java:516) ~[hibernate-core-6.6.18.Final.jar:6.6.18.Final]
	at org.hibernate.tool.schema.internal.AbstractSchemaMigrator.migrateTable(AbstractSchemaMigrator.java:334) ~[hibernate-core-6.6.18.Final.jar:6.6.18.Final]
	at org.hibernate.tool.schema.internal.GroupedSchemaMigratorImpl.performTablesMigration(GroupedSchemaMigratorImpl.java:84) ~[hibernate-core-6.6.18.Final.jar:6.6.18.Final]
	at org.hibernate.tool.schema.internal.AbstractSchemaMigrator.performMigration(AbstractSchemaMigrator.java:233) ~[hibernate-core-6.6.18.Final.jar:6.6.18.Final]
	at org.hibernate.tool.schema.internal.AbstractSchemaMigrator.doMigration(AbstractSchemaMigrator.java:112) ~[hibernate-core-6.6.18.Final.jar:6.6.18.Final]
	at org.hibernate.tool.schema.spi.SchemaManagementToolCoordinator.performDatabaseAction(SchemaManagementToolCoordinator.java:280) ~[hibernate-core-6.6.18.Final.jar:6.6.18.Final]
	at org.hibernate.tool.schema.spi.SchemaManagementToolCoordinator.lambda$process$5(SchemaManagementToolCoordinator.java:144) ~[hibernate-core-6.6.18.Final.jar:6.6.18.Final]
	at java.base/java.util.HashMap.forEach(HashMap.java:1421) ~[na:na]
	at org.hibernate.tool.schema.spi.SchemaManagementToolCoordinator.process(SchemaManagementToolCoordinator.java:141) ~[hibernate-core-6.6.18.Final.jar:6.6.18.Final]
	at org.hibernate.boot.internal.SessionFactoryObserverForSchemaExport.sessionFactoryCreated(SessionFactoryObserverForSchemaExport.java:37) ~[hibernate-core-6.6.18.Final.jar:6.6.18.Final]
	at org.hibernate.internal.SessionFactoryObserverChain.sessionFactoryCreated(SessionFactoryObserverChain.java:35) ~[hibernate-core-6.6.18.Final.jar:6.6.18.Final]
	at org.hibernate.internal.SessionFactoryImpl.<init>(SessionFactoryImpl.java:324) ~[hibernate-core-6.6.18.Final.jar:6.6.18.Final]
	at org.hibernate.boot.internal.SessionFactoryBuilderImpl.build(SessionFactoryBuilderImpl.java:463) ~[hibernate-core-6.6.18.Final.jar:6.6.18.Final]
	at org.hibernate.jpa.boot.internal.EntityManagerFactoryBuilderImpl.build(EntityManagerFactoryBuilderImpl.java:1517) ~[hibernate-core-6.6.18.Final.jar:6.6.18.Final]
	at org.springframework.orm.jpa.vendor.SpringHibernateJpaPersistenceProvider.createContainerEntityManagerFactory(SpringHibernateJpaPersistenceProvider.java:66) ~[spring-orm-6.2.8.jar:6.2.8]
	at org.springframework.orm.jpa.LocalContainerEntityManagerFactoryBean.createNativeEntityManagerFactory(LocalContainerEntityManagerFactoryBean.java:390) ~[spring-orm-6.2.8.jar:6.2.8]
	at org.springframework.orm.jpa.AbstractEntityManagerFactoryBean.buildNativeEntityManagerFactory(AbstractEntityManagerFactoryBean.java:419) ~[spring-orm-6.2.8.jar:6.2.8]
	at org.springframework.orm.jpa.AbstractEntityManagerFactoryBean.afterPropertiesSet(AbstractEntityManagerFactoryBean.java:400) ~[spring-orm-6.2.8.jar:6.2.8]
	at org.springframework.orm.jpa.LocalContainerEntityManagerFactoryBean.afterPropertiesSet(LocalContainerEntityManagerFactoryBean.java:366) ~[spring-orm-6.2.8.jar:6.2.8]
	at org.springframework.beans.factory.support.AbstractAutowireCapableBeanFactory.invokeInitMethods(AbstractAutowireCapableBeanFactory.java:1873) ~[spring-beans-6.2.8.jar:6.2.8]
	at org.springframework.beans.factory.support.AbstractAutowireCapableBeanFactory.initializeBean(AbstractAutowireCapableBeanFactory.java:1822) ~[spring-beans-6.2.8.jar:6.2.8]
	at org.springframework.beans.factory.support.AbstractAutowireCapableBeanFactory.doCreateBean(AbstractAutowireCapableBeanFactory.java:607) ~[spring-beans-6.2.8.jar:6.2.8]
	at org.springframework.beans.factory.support.AbstractAutowireCapableBeanFactory.createBean(AbstractAutowireCapableBeanFactory.java:529) ~[spring-beans-6.2.8.jar:6.2.8]
	at org.springframework.beans.factory.support.AbstractBeanFactory.lambda$doGetBean$0(AbstractBeanFactory.java:339) ~[spring-beans-6.2.8.jar:6.2.8]
	at org.springframework.beans.factory.support.DefaultSingletonBeanRegistry.getSingleton(DefaultSingletonBeanRegistry.java:373) ~[spring-beans-6.2.8.jar:6.2.8]
	at org.springframework.beans.factory.support.AbstractBeanFactory.doGetBean(AbstractBeanFactory.java:337) ~[spring-beans-6.2.8.jar:6.2.8]
	at org.springframework.beans.factory.support.AbstractBeanFactory.getBean(AbstractBeanFactory.java:207) ~[spring-beans-6.2.8.jar:6.2.8]
	at org.springframework.context.support.AbstractApplicationContext.finishBeanFactoryInitialization(AbstractApplicationContext.java:970) ~[spring-context-6.2.8.jar:6.2.8]
	at org.springframework.context.support.AbstractApplicationContext.refresh(AbstractApplicationContext.java:627) ~[spring-context-6.2.8.jar:6.2.8]
	at org.springframework.boot.SpringApplication.refresh(SpringApplication.java:752) ~[spring-boot-3.4.7.jar:3.4.7]
	at org.springframework.boot.SpringApplication.refreshContext(SpringApplication.java:439) ~[spring-boot-3.4.7.jar:3.4.7]
	at org.springframework.boot.SpringApplication.run(SpringApplication.java:318) ~[spring-boot-3.4.7.jar:3.4.7]
	at org.springframework.boot.test.context.SpringBootContextLoader.lambda$loadContext$3(SpringBootContextLoader.java:144) ~[spring-boot-test-3.4.7.jar:3.4.7]
	at org.springframework.util.function.ThrowingSupplier.get(ThrowingSupplier.java:58) ~[spring-core-6.2.8.jar:6.2.8]
	at org.springframework.util.function.ThrowingSupplier.get(ThrowingSupplier.java:46) ~[spring-core-6.2.8.jar:6.2.8]
	at org.springframework.boot.SpringApplication.withHook(SpringApplication.java:1461) ~[spring-boot-3.4.7.jar:3.4.7]
	at org.springframework.boot.test.context.SpringBootContextLoader$ContextLoaderHook.run(SpringBootContextLoader.java:563) ~[spring-boot-test-3.4.7.jar:3.4.7]
	at org.springframework.boot.test.context.SpringBootContextLoader.loadContext(SpringBootContextLoader.java:144) ~[spring-boot-test-3.4.7.jar:3.4.7]
	at org.springframework.boot.test.context.SpringBootContextLoader.loadContext(SpringBootContextLoader.java:110) ~[spring-boot-test-3.4.7.jar:3.4.7]
	at org.springframework.test.context.cache.DefaultCacheAwareContextLoaderDelegate.loadContextInternal(DefaultCacheAwareContextLoaderDelegate.java:225) ~[spring-test-6.2.8.jar:6.2.8]
	at org.springframework.test.context.cache.DefaultCacheAwareContextLoaderDelegate.loadContext(DefaultCacheAwareContextLoaderDelegate.java:152) ~[spring-test-6.2.8.jar:6.2.8]
	at org.springframework.test.context.support.DefaultTestContext.getApplicationContext(DefaultTestContext.java:130) ~[spring-test-6.2.8.jar:6.2.8]
	at org.springframework.test.context.web.ServletTestExecutionListener.setUpRequestContextIfNecessary(ServletTestExecutionListener.java:200) ~[spring-test-6.2.8.jar:6.2.8]
	at org.springframework.test.context.web.ServletTestExecutionListener.prepareTestInstance(ServletTestExecutionListener.java:139) ~[spring-test-6.2.8.jar:6.2.8]
	at org.springframework.test.context.TestContextManager.prepareTestInstance(TestContextManager.java:260) ~[spring-test-6.2.8.jar:6.2.8]
	at org.springframework.test.context.junit.jupiter.SpringExtension.postProcessTestInstance(SpringExtension.java:159) ~[spring-test-6.2.8.jar:6.2.8]
	at org.junit.jupiter.engine.descriptor.ClassBasedTestDescriptor.lambda$invokeTestInstancePostProcessors$11(ClassBasedTestDescriptor.java:378) ~[junit-jupiter-engine-5.11.4.jar:5.11.4]
	at org.junit.jupiter.engine.descriptor.ClassBasedTestDescriptor.executeAndMaskThrowable(ClassBasedTestDescriptor.java:383) ~[junit-jupiter-engine-5.11.4.jar:5.11.4]
	at org.junit.jupiter.engine.descriptor.ClassBasedTestDescriptor.lambda$invokeTestInstancePostProcessors$12(ClassBasedTestDescriptor.java:378) ~[junit-jupiter-engine-5.11.4.jar:5.11.4]
	at java.base/java.util.stream.ForEachOps$ForEachOp$OfRef.accept(ForEachOps.java:183) ~[na:na]
	at java.base/java.util.stream.ReferencePipeline$3$1.accept(ReferencePipeline.java:197) ~[na:na]
	at java.base/java.util.stream.ReferencePipeline$2$1.accept(ReferencePipeline.java:179) ~[na:na]
	at java.base/java.util.stream.ReferencePipeline$3$1.accept(ReferencePipeline.java:197) ~[na:na]
	at java.base/java.util.ArrayList$ArrayListSpliterator.forEachRemaining(ArrayList.java:1625) ~[na:na]
	at java.base/java.util.stream.AbstractPipeline.copyInto(AbstractPipeline.java:509) ~[na:na]
	at java.base/java.util.stream.AbstractPipeline.wrapAndCopyInto(AbstractPipeline.java:499) ~[na:na]
	at java.base/java.util.stream.ForEachOps$ForEachOp.evaluateSequential(ForEachOps.java:150) ~[na:na]
	at java.base/java.util.stream.ForEachOps$ForEachOp$OfRef.evaluateSequential(ForEachOps.java:173) ~[na:na]
	at java.base/java.util.stream.AbstractPipeline.evaluate(AbstractPipeline.java:234) ~[na:na]
	at java.base/java.util.stream.ReferencePipeline.forEach(ReferencePipeline.java:596) ~[na:na]
	at org.junit.jupiter.engine.descriptor.ClassBasedTestDescriptor.invokeTestInstancePostProcessors(ClassBasedTestDescriptor.java:377) ~[junit-jupiter-engine-5.11.4.jar:5.11.4]
	at org.junit.jupiter.engine.descriptor.ClassBasedTestDescriptor.lambda$instantiateAndPostProcessTestInstance$7(ClassBasedTestDescriptor.java:290) ~[junit-jupiter-engine-5.11.4.jar:5.11.4]
	at org.junit.platform.engine.support.hierarchical.ThrowableCollector.execute(ThrowableCollector.java:73) ~[junit-platform-engine-1.11.4.jar:1.11.4]
	at org.junit.jupiter.engine.descriptor.ClassBasedTestDescriptor.instantiateAndPostProcessTestInstance(ClassBasedTestDescriptor.java:289) ~[junit-jupiter-engine-5.11.4.jar:5.11.4]
	at org.junit.jupiter.engine.descriptor.ClassBasedTestDescriptor.lambda$testInstancesProvider$5(ClassBasedTestDescriptor.java:279) ~[junit-jupiter-engine-5.11.4.jar:5.11.4]
	at java.base/java.util.Optional.orElseGet(Optional.java:364) ~[na:na]
	at org.junit.jupiter.engine.descriptor.ClassBasedTestDescriptor.lambda$testInstancesProvider$6(ClassBasedTestDescriptor.java:278) ~[junit-jupiter-engine-5.11.4.jar:5.11.4]
	at org.junit.jupiter.engine.execution.TestInstancesProvider.getTestInstances(TestInstancesProvider.java:31) ~[junit-jupiter-engine-5.11.4.jar:5.11.4]
	at org.junit.jupiter.engine.descriptor.TestMethodTestDescriptor.lambda$prepare$1(TestMethodTestDescriptor.java:105) ~[junit-jupiter-engine-5.11.4.jar:5.11.4]
	at org.junit.platform.engine.support.hierarchical.ThrowableCollector.execute(ThrowableCollector.java:73) ~[junit-platform-engine-1.11.4.jar:1.11.4]
	at org.junit.jupiter.engine.descriptor.TestMethodTestDescriptor.prepare(TestMethodTestDescriptor.java:104) ~[junit-jupiter-engine-5.11.4.jar:5.11.4]
	at org.junit.jupiter.engine.descriptor.TestMethodTestDescriptor.prepare(TestMethodTestDescriptor.java:68) ~[junit-jupiter-engine-5.11.4.jar:5.11.4]
	at org.junit.platform.engine.support.hierarchical.NodeTestTask.lambda$prepare$2(NodeTestTask.java:128) ~[junit-platform-engine-1.11.4.jar:1.11.4]
	at org.junit.platform.engine.support.hierarchical.ThrowableCollector.execute(ThrowableCollector.java:73) ~[junit-platform-engine-1.11.4.jar:1.11.4]
	at org.junit.platform.engine.support.hierarchical.NodeTestTask.prepare(NodeTestTask.java:128) ~[junit-platform-engine-1.11.4.jar:1.11.4]
	at org.junit.platform.engine.support.hierarchical.NodeTestTask.execute(NodeTestTask.java:95) ~[junit-platform-engine-1.11.4.jar:1.11.4]
	at java.base/java.util.ArrayList.forEach(ArrayList.java:1511) ~[na:na]
	at org.junit.platform.engine.support.hierarchical.SameThreadHierarchicalTestExecutorService.invokeAll(SameThreadHierarchicalTestExecutorService.java:41) ~[junit-platform-engine-1.11.4.jar:1.11.4]
	at org.junit.platform.engine.support.hierarchical.NodeTestTask.lambda$executeRecursively$6(NodeTestTask.java:160) ~[junit-platform-engine-1.11.4.jar:1.11.4]
	at org.junit.platform.engine.support.hierarchical.ThrowableCollector.execute(ThrowableCollector.java:73) ~[junit-platform-engine-1.11.4.jar:1.11.4]
	at org.junit.platform.engine.support.hierarchical.NodeTestTask.lambda$executeRecursively$8(NodeTestTask.java:146) ~[junit-platform-engine-1.11.4.jar:1.11.4]
	at org.junit.platform.engine.support.hierarchical.Node.around(Node.java:137) ~[junit-platform-engine-1.11.4.jar:1.11.4]
	at org.junit.platform.engine.support.hierarchical.NodeTestTask.lambda$executeRecursively$9(NodeTestTask.java:144) ~[junit-platform-engine-1.11.4.jar:1.11.4]
	at org.junit.platform.engine.support.hierarchical.ThrowableCollector.execute(ThrowableCollector.java:73) ~[junit-platform-engine-1.11.4.jar:1.11.4]
	at org.junit.platform.engine.support.hierarchical.NodeTestTask.executeRecursively(NodeTestTask.java:143) ~[junit-platform-engine-1.11.4.jar:1.11.4]
	at org.junit.platform.engine.support.hierarchical.NodeTestTask.execute(NodeTestTask.java:100) ~[junit-platform-engine-1.11.4.jar:1.11.4]
	at java.base/java.util.ArrayList.forEach(ArrayList.java:1511) ~[na:na]
	at org.junit.platform.engine.support.hierarchical.SameThreadHierarchicalTestExecutorService.invokeAll(SameThreadHierarchicalTestExecutorService.java:41) ~[junit-platform-engine-1.11.4.jar:1.11.4]
	at org.junit.platform.engine.support.hierarchical.NodeTestTask.lambda$executeRecursively$6(NodeTestTask.java:160) ~[junit-platform-engine-1.11.4.jar:1.11.4]
	at org.junit.platform.engine.support.hierarchical.ThrowableCollector.execute(ThrowableCollector.java:73) ~[junit-platform-engine-1.11.4.jar:1.11.4]
	at org.junit.platform.engine.support.hierarchical.NodeTestTask.lambda$executeRecursively$8(NodeTestTask.java:146) ~[junit-platform-engine-1.11.4.jar:1.11.4]
	at org.junit.platform.engine.support.hierarchical.Node.around(Node.java:137) ~[junit-platform-engine-1.11.4.jar:1.11.4]
	at org.junit.platform.engine.support.hierarchical.NodeTestTask.lambda$executeRecursively$9(NodeTestTask.java:144) ~[junit-platform-engine-1.11.4.jar:1.11.4]
	at org.junit.platform.engine.support.hierarchical.ThrowableCollector.execute(ThrowableCollector.java:73) ~[junit-platform-engine-1.11.4.jar:1.11.4]
	at org.junit.platform.engine.support.hierarchical.NodeTestTask.executeRecursively(NodeTestTask.java:143) ~[junit-platform-engine-1.11.4.jar:1.11.4]
	at org.junit.platform.engine.support.hierarchical.NodeTestTask.execute(NodeTestTask.java:100) ~[junit-platform-engine-1.11.4.jar:1.11.4]
	at org.junit.platform.engine.support.hierarchical.SameThreadHierarchicalTestExecutorService.submit(SameThreadHierarchicalTestExecutorService.java:35) ~[junit-platform-engine-1.11.4.jar:1.11.4]
	at org.junit.platform.engine.support.hierarchical.HierarchicalTestExecutor.execute(HierarchicalTestExecutor.java:57) ~[junit-platform-engine-1.11.4.jar:1.11.4]
	at org.junit.platform.engine.support.hierarchical.HierarchicalTestEngine.execute(HierarchicalTestEngine.java:54) ~[junit-platform-engine-1.11.4.jar:1.11.4]
	at org.junit.platform.launcher.core.EngineExecutionOrchestrator.execute(EngineExecutionOrchestrator.java:198) ~[junit-platform-launcher-1.11.4.jar:1.11.4]
	at org.junit.platform.launcher.core.EngineExecutionOrchestrator.execute(EngineExecutionOrchestrator.java:169) ~[junit-platform-launcher-1.11.4.jar:1.11.4]
	at org.junit.platform.launcher.core.EngineExecutionOrchestrator.execute(EngineExecutionOrchestrator.java:93) ~[junit-platform-launcher-1.11.4.jar:1.11.4]
	at org.junit.platform.launcher.core.EngineExecutionOrchestrator.lambda$execute$0(EngineExecutionOrchestrator.java:58) ~[junit-platform-launcher-1.11.4.jar:1.11.4]
	at org.junit.platform.launcher.core.EngineExecutionOrchestrator.withInterceptedStreams(EngineExecutionOrchestrator.java:141) ~[junit-platform-launcher-1.11.4.jar:1.11.4]
	at org.junit.platform.launcher.core.EngineExecutionOrchestrator.execute(EngineExecutionOrchestrator.java:57) ~[junit-platform-launcher-1.11.4.jar:1.11.4]
	at org.junit.platform.launcher.core.DefaultLauncher.execute(DefaultLauncher.java:103) ~[junit-platform-launcher-1.11.4.jar:1.11.4]
	at org.junit.platform.launcher.core.DefaultLauncher.execute(DefaultLauncher.java:85) ~[junit-platform-launcher-1.11.4.jar:1.11.4]
	at org.junit.platform.launcher.core.DelegatingLauncher.execute(DelegatingLauncher.java:47) ~[junit-platform-launcher-1.11.4.jar:1.11.4]
	at org.apache.maven.surefire.junitplatform.LazyLauncher.execute(LazyLauncher.java:56) ~[surefire-junit-platform-3.5.3.jar:3.5.3]
	at org.apache.maven.surefire.junitplatform.JUnitPlatformProvider.execute(JUnitPlatformProvider.java:194) ~[surefire-junit-platform-3.5.3.jar:3.5.3]
	at org.apache.maven.surefire.junitplatform.JUnitPlatformProvider.invokeAllTests(JUnitPlatformProvider.java:150) ~[surefire-junit-platform-3.5.3.jar:3.5.3]
	at org.apache.maven.surefire.junitplatform.JUnitPlatformProvider.invoke(JUnitPlatformProvider.java:124) ~[surefire-junit-platform-3.5.3.jar:3.5.3]
	at org.apache.maven.surefire.booter.ForkedBooter.runSuitesInProcess(ForkedBooter.java:385) ~[surefire-booter-3.5.3.jar:3.5.3]
	at org.apache.maven.surefire.booter.ForkedBooter.execute(ForkedBooter.java:162) ~[surefire-booter-3.5.3.jar:3.5.3]
	at org.apache.maven.surefire.booter.ForkedBooter.run(ForkedBooter.java:507) ~[surefire-booter-3.5.3.jar:3.5.3]
	at org.apache.maven.surefire.booter.ForkedBooter.main(ForkedBooter.java:495) ~[surefire-booter-3.5.3.jar:3.5.3]
Caused by: java.sql.SQLException: Data truncated for column 'matter' at row 34
	at com.mysql.cj.jdbc.exceptions.SQLError.createSQLException(SQLError.java:121) ~[mysql-connector-j-9.1.0.jar:9.1.0]
	at com.mysql.cj.jdbc.exceptions.SQLExceptionsMapping.translateException(SQLExceptionsMapping.java:114) ~[mysql-connector-j-9.1.0.jar:9.1.0]
	at com.mysql.cj.jdbc.StatementImpl.executeInternal(StatementImpl.java:837) ~[mysql-connector-j-9.1.0.jar:9.1.0]
	at com.mysql.cj.jdbc.StatementImpl.execute(StatementImpl.java:685) ~[mysql-connector-j-9.1.0.jar:9.1.0]
	at com.zaxxer.hikari.pool.ProxyStatement.execute(ProxyStatement.java:94) ~[HikariCP-5.1.0.jar:na]
	at com.zaxxer.hikari.pool.HikariProxyStatement.execute(HikariProxyStatement.java) ~[HikariCP-5.1.0.jar:na]
	at org.hibernate.tool.schema.internal.exec.GenerationTargetToDatabase.accept(GenerationTargetToDatabase.java:80) ~[hibernate-core-6.6.18.Final.jar:6.6.18.Final]
	... 117 common frames omitted

2025-07-17T15:47:42.242+08:00  INFO 44528 --- [springboot_demo] [           main] j.LocalContainerEntityManagerFactoryBean : Initialized JPA EntityManagerFactory for persistence unit 'default'
2025-07-17T15:47:42.833+08:00  INFO 44528 --- [springboot_demo] [           main] o.s.d.j.r.query.QueryEnhancerFactory     : Hibernate is in classpath; If applicable, HQL parser will be used.
2025-07-17T15:47:44.119+08:00  WARN 44528 --- [springboot_demo] [           main] JpaBaseConfiguration$JpaWebConfiguration : spring.jpa.open-in-view is enabled by default. Therefore, database queries may be performed during view rendering. Explicitly configure spring.jpa.open-in-view to disable this warning
2025-07-17T15:47:44.930+08:00  INFO 44528 --- [springboot_demo] [           main] c.d.s.SpringbootDemoApplicationTests     : Started SpringbootDemoApplicationTests in 13.214 seconds (process running for 14.201)
]]></system-out>
  </testcase>
</testsuite>